<?xml version="1.0" encoding="UTF-8"?>
<testsuite name="RegisterTest" tests="1" skipped="0" failures="0" errors="0" timestamp="2021-11-03T10:19:39" hostname="DESKTOP-NKOEJ2R" time="0.02">
  <properties/>
  <testcase name="getStudentsByName()" classname="RegisterTest" time="0.02"/>
  <system-out><![CDATA[Optional[Student@706755bd]
]]></system-out>
  <system-err><![CDATA[]]></system-err>
</testsuite>
